<?xml version="1.0" encoding="UTF-8"?>
<!-- Generated by org.testng.reporters.JUnitReportReporter -->
<testsuite hostname="LAPTOP-A1Q3B5EJ" failures="0" tests="1" name="com.sample.test.demo.tests.DemoTest" time="0.010" errors="0" timestamp="14 Oct 2021 19:35:43 GMT" skipped="0">
  <testcase classname="com.sample.test.demo.tests.DemoTest" name="demoTest" time="0.010"/>
</testsuite> <!-- com.sample.test.demo.tests.DemoTest -->
