<?xml version="1.0" encoding="UTF-8"?>
<!-- Generated by org.testng.reporters.JUnitReportReporter -->
<testsuite hostname="LAPTOP-A1Q3B5EJ" failures="0" tests="3" name="com.sample.test.demo.tests.PizzaOrderTest" time="2.120" errors="0" timestamp="14 Oct 2021 17:29:25 GMT" skipped="0">
  <testcase classname="com.sample.test.demo.tests.PizzaOrderTest" name="orderTest" time="0.559"/>
  <testcase classname="com.sample.test.demo.tests.PizzaOrderTest" name="orderTest" time="0.841"/>
  <testcase classname="com.sample.test.demo.tests.PizzaOrderTest" name="orderTest" time="0.720"/>
</testsuite> <!-- com.sample.test.demo.tests.PizzaOrderTest -->
